2023-09-12 21:29:25,760 INFO o.a.j.u.JMeterUtils: Setting Locale to ko_KR
2023-09-12 21:29:25,811 INFO o.a.j.u.JMeterUtils: Could not find resources for 'ko_KR', using 'ko'
2023-09-12 21:29:25,812 INFO o.a.j.JMeter: Loading user properties from: user.properties
2023-09-12 21:29:25,812 INFO o.a.j.JMeter: Loading system properties from: system.properties
2023-09-12 21:29:25,816 INFO o.a.j.JMeter: Copyright (c) 1998-2023 The Apache Software Foundation
2023-09-12 21:29:25,817 INFO o.a.j.JMeter: Version 5.6.2
2023-09-12 21:29:25,817 INFO o.a.j.JMeter: java.version=19.0.1
2023-09-12 21:29:25,817 INFO o.a.j.JMeter: java.vm.name=Java HotSpot(TM) 64-Bit Server VM
2023-09-12 21:29:25,817 INFO o.a.j.JMeter: os.name=Mac OS X
2023-09-12 21:29:25,817 INFO o.a.j.JMeter: os.arch=x86_64
2023-09-12 21:29:25,817 INFO o.a.j.JMeter: os.version=13.4.1
2023-09-12 21:29:25,817 INFO o.a.j.JMeter: file.encoding=UTF-8
2023-09-12 21:29:25,817 INFO o.a.j.JMeter: java.awt.headless=null
2023-09-12 21:29:25,817 INFO o.a.j.JMeter: Max memory     =2147483648
2023-09-12 21:29:25,817 INFO o.a.j.JMeter: Available Processors =8
2023-09-12 21:29:25,825 INFO o.a.j.JMeter: Default Locale=한국어 (대한민국)
2023-09-12 21:29:25,825 INFO o.a.j.JMeter: JMeter  Locale=한국어 (대한민국)
2023-09-12 21:29:25,826 INFO o.a.j.JMeter: JMeterHome=/Users/heekyolee/Downloads/apache-jmeter-5.6.2
2023-09-12 21:29:25,826 INFO o.a.j.JMeter: user.dir  =/Users/heekyolee/Downloads/apache-jmeter-5.6.2/bin
2023-09-12 21:29:25,826 INFO o.a.j.JMeter: PWD       =/Users/heekyolee/Downloads/apache-jmeter-5.6.2/bin
2023-09-12 21:29:25,838 INFO o.a.j.JMeter: IP: 218.38.137.27 Name: Heekyoui-MacBookPro.local FullName: 218.38.137.27
2023-09-12 21:29:25,854 INFO o.a.j.JMeter: Loaded icon properties from org/apache/jmeter/images/icon.properties
2023-09-12 21:29:26,722 INFO o.a.j.JMeterGuiLauncher: Setting LAF to: com.github.weisj.darklaf.DarkLaf:com.github.weisj.darklaf.theme.DarculaTheme
2023-09-12 21:33:01,939 INFO o.a.j.p.h.s.HTTPSamplerBase: Parser for text/html is org.apache.jmeter.protocol.http.parser.LagartoBasedHtmlParser
2023-09-12 21:33:01,939 INFO o.a.j.p.h.s.HTTPSamplerBase: Parser for application/xhtml+xml is org.apache.jmeter.protocol.http.parser.LagartoBasedHtmlParser
2023-09-12 21:33:01,939 INFO o.a.j.p.h.s.HTTPSamplerBase: Parser for application/xml is org.apache.jmeter.protocol.http.parser.LagartoBasedHtmlParser
2023-09-12 21:33:01,939 INFO o.a.j.p.h.s.HTTPSamplerBase: Parser for text/xml is org.apache.jmeter.protocol.http.parser.LagartoBasedHtmlParser
2023-09-12 21:33:01,940 INFO o.a.j.p.h.s.HTTPSamplerBase: Parser for text/vnd.wap.wml is org.apache.jmeter.protocol.http.parser.RegexpHTMLParser
2023-09-12 21:33:01,940 INFO o.a.j.p.h.s.HTTPSamplerBase: Parser for text/css is org.apache.jmeter.protocol.http.parser.CssParser
2023-09-12 21:34:11,985 INFO o.a.j.s.SampleResult: Note: Sample TimeStamps are START times
2023-09-12 21:34:11,985 INFO o.a.j.s.SampleResult: sampleresult.default.encoding is set to UTF-8
2023-09-12 21:34:11,986 INFO o.a.j.s.SampleResult: sampleresult.useNanoTime=true
2023-09-12 21:34:11,986 INFO o.a.j.s.SampleResult: sampleresult.nanoThreadSleep=5000
2023-09-12 21:42:11,884 INFO o.a.j.s.FileServer: Default base='/Users/heekyolee/Downloads/apache-jmeter-5.6.2/bin'
2023-09-12 21:42:11,885 INFO o.a.j.s.FileServer: Set new base='/Users/heekyolee/Downloads/apache-jmeter-5.6.2/bin'
2023-09-12 21:42:12,086 INFO o.a.j.s.SaveService: Testplan (JMX) version: 2.2. Testlog (JTL) version: 2.2
2023-09-12 21:42:12,107 INFO o.a.j.s.SaveService: Using SaveService properties version 5.0
2023-09-12 21:42:12,108 INFO o.a.j.s.SaveService: Using SaveService properties file encoding UTF-8
2023-09-12 21:42:17,114 INFO o.a.j.g.a.t.TemplateManager: Reading templates from: /Users/heekyolee/Downloads/apache-jmeter-5.6.2/bin/templates/templates.xml
2023-09-12 21:43:41,641 INFO o.a.j.g.a.Load: Loading file: /Users/heekyolee/Downloads/apache-jmeter-5.6.2/bin/sample2.jmx
2023-09-12 21:43:41,641 INFO o.a.j.s.FileServer: Set new base='/Users/heekyolee/Downloads/apache-jmeter-5.6.2/bin'
2023-09-12 21:43:41,641 INFO o.a.j.s.SaveService: Loading file: /Users/heekyolee/Downloads/apache-jmeter-5.6.2/bin/sample2.jmx
2023-09-12 21:43:41,641 WARN o.a.j.g.a.Load: Error reading file. java.io.FileNotFoundException: /Users/heekyolee/Downloads/apache-jmeter-5.6.2/bin/sample2.jmx (No such file or directory)
2023-09-12 21:43:41,641 ERROR o.a.j.u.JMeterUtils: /Users/heekyolee/Downloads/apache-jmeter-5.6.2/bin/sample2.jmx (No such file or directory)
2023-09-12 21:45:53,558 INFO o.a.j.g.a.Load: Loading file: /Users/heekyolee/Downloads/apache-jmeter-5.6.2/bin/sample2.jmx.xml
2023-09-12 21:45:53,558 INFO o.a.j.s.FileServer: Set new base='/Users/heekyolee/Downloads/apache-jmeter-5.6.2/bin'
2023-09-12 21:45:53,559 INFO o.a.j.s.SaveService: Loading file: /Users/heekyolee/Downloads/apache-jmeter-5.6.2/bin/sample2.jmx.xml
2023-09-12 21:45:53,559 WARN o.a.j.g.a.Load: Error reading file. java.io.FileNotFoundException: /Users/heekyolee/Downloads/apache-jmeter-5.6.2/bin/sample2.jmx.xml (No such file or directory)
2023-09-12 21:45:53,559 ERROR o.a.j.u.JMeterUtils: /Users/heekyolee/Downloads/apache-jmeter-5.6.2/bin/sample2.jmx.xml (No such file or directory)
2023-09-12 21:45:57,103 INFO o.a.j.g.a.Load: Loading file: /Users/heekyolee/Downloads/apache-jmeter-5.6.2/bin/sample2.jmx
2023-09-12 21:45:57,103 INFO o.a.j.s.FileServer: Set new base='/Users/heekyolee/Downloads/apache-jmeter-5.6.2/bin'
2023-09-12 21:45:57,104 INFO o.a.j.s.SaveService: Loading file: /Users/heekyolee/Downloads/apache-jmeter-5.6.2/bin/sample2.jmx
2023-09-12 21:45:57,130 WARN o.a.j.g.a.Load: Unexpected error. java.lang.IllegalArgumentException: Problem loading XML from:'/Users/heekyolee/Downloads/apache-jmeter-5.6.2/bin/sample2.jmx'. 
Cause:
XmlPullParserException: start tag unexpected character ] (position: START_TAG seen ...<stringProp name="RegexExtractor.regex"><a href="([^"]... @51:55) 

 Detail:com.thoughtworks.xstream.converters.ConversionException: 
---- Debugging information ----
cause-exception     : com.thoughtworks.xstream.converters.ConversionException
cause-message       : 
first-jmeter-class  : org.apache.jmeter.save.converters.TestElementConverter.unmarshal(TestElementConverter.java:109)
class               : org.apache.jmeter.save.ScriptWrapper
required-type       : org.apache.jmeter.save.ScriptWrapper
converter-type      : org.apache.jmeter.save.ScriptWrapperConverter
path                : /jmeterTestPlan/hashTree/hashTree/hashTree/hashTree/RegexExtractor/stringProp[2]
line number         : 51
version             : 5.6.2
-------------------------------
java.lang.IllegalArgumentException: Problem loading XML from:'/Users/heekyolee/Downloads/apache-jmeter-5.6.2/bin/sample2.jmx'. 
Cause:
XmlPullParserException: start tag unexpected character ] (position: START_TAG seen ...<stringProp name="RegexExtractor.regex"><a href="([^"]... @51:55) 

 Detail:com.thoughtworks.xstream.converters.ConversionException: 
---- Debugging information ----
cause-exception     : com.thoughtworks.xstream.converters.ConversionException
cause-message       : 
first-jmeter-class  : org.apache.jmeter.save.converters.TestElementConverter.unmarshal(TestElementConverter.java:109)
class               : org.apache.jmeter.save.ScriptWrapper
required-type       : org.apache.jmeter.save.ScriptWrapper
converter-type      : org.apache.jmeter.save.ScriptWrapperConverter
path                : /jmeterTestPlan/hashTree/hashTree/hashTree/hashTree/RegexExtractor/stringProp[2]
line number         : 51
version             : 5.6.2
-------------------------------
	at org.apache.jmeter.save.SaveService.readTree(SaveService.java:456) ~[ApacheJMeter_core.jar:5.6.2]
	at org.apache.jmeter.save.SaveService.loadTree(SaveService.java:429) ~[ApacheJMeter_core.jar:5.6.2]
	at org.apache.jmeter.gui.action.Load.loadProjectFile(Load.java:131) ~[ApacheJMeter_core.jar:5.6.2]
	at org.apache.jmeter.gui.action.Load.loadProjectFile(Load.java:103) ~[ApacheJMeter_core.jar:5.6.2]
	at org.apache.jmeter.gui.action.Load.doActionAfterCheck(Load.java:90) ~[ApacheJMeter_core.jar:5.6.2]
	at org.apache.jmeter.gui.action.AbstractActionWithNoRunningTest.doAction(AbstractActionWithNoRunningTest.java:44) ~[ApacheJMeter_core.jar:5.6.2]
	at org.apache.jmeter.gui.action.ActionRouter.performAction(ActionRouter.java:83) ~[ApacheJMeter_core.jar:5.6.2]
	at org.apache.jmeter.gui.action.ActionRouter.lambda$actionPerformed$0(ActionRouter.java:65) ~[ApacheJMeter_core.jar:5.6.2]
	at java.awt.event.InvocationEvent.dispatch(InvocationEvent.java:318) ~[?:?]
	at java.awt.EventQueue.dispatchEventImpl(EventQueue.java:773) ~[?:?]
	at java.awt.EventQueue$4.run(EventQueue.java:720) ~[?:?]
	at java.awt.EventQueue$4.run(EventQueue.java:714) ~[?:?]
	at java.security.AccessController.doPrivileged(AccessController.java:399) [?:?]
	at java.security.ProtectionDomain$JavaSecurityAccessImpl.doIntersectionPrivilege(ProtectionDomain.java:86) [?:?]
	at java.awt.EventQueue.dispatchEvent(EventQueue.java:742) [?:?]
	at java.awt.EventDispatchThread.pumpOneEventForFilters(EventDispatchThread.java:203) [?:?]
	at java.awt.EventDispatchThread.pumpEventsForFilter(EventDispatchThread.java:124) [?:?]
	at java.awt.EventDispatchThread.pumpEventsForHierarchy(EventDispatchThread.java:113) [?:?]
	at java.awt.EventDispatchThread.pumpEvents(EventDispatchThread.java:109) [?:?]
	at java.awt.EventDispatchThread.pumpEvents(EventDispatchThread.java:101) [?:?]
	at java.awt.EventDispatchThread.run(EventDispatchThread.java:90) [?:?]
Caused by: com.thoughtworks.xstream.converters.ConversionException: 
---- Debugging information ----
cause-exception     : com.thoughtworks.xstream.converters.ConversionException
cause-message       : 
first-jmeter-class  : org.apache.jmeter.save.converters.TestElementConverter.unmarshal(TestElementConverter.java:109)
class               : org.apache.jmeter.save.ScriptWrapper
required-type       : org.apache.jmeter.save.ScriptWrapper
converter-type      : org.apache.jmeter.save.ScriptWrapperConverter
path                : /jmeterTestPlan/hashTree/hashTree/hashTree/hashTree/RegexExtractor/stringProp[2]
line number         : 51
version             : 5.6.2
-------------------------------
	at org.apache.jmeter.save.ScriptWrapperConverter.createConversionException(ScriptWrapperConverter.java:101) ~[ApacheJMeter_core.jar:5.6.2]
	at org.apache.jmeter.save.ScriptWrapperConverter.unmarshal(ScriptWrapperConverter.java:95) ~[ApacheJMeter_core.jar:5.6.2]
	at com.thoughtworks.xstream.core.TreeUnmarshaller.convert(TreeUnmarshaller.java:74) ~[xstream-1.4.20.jar:1.4.20]
	at com.thoughtworks.xstream.core.AbstractReferenceUnmarshaller.convert(AbstractReferenceUnmarshaller.java:72) ~[xstream-1.4.20.jar:1.4.20]
	at com.thoughtworks.xstream.core.TreeUnmarshaller.convertAnother(TreeUnmarshaller.java:68) ~[xstream-1.4.20.jar:1.4.20]
	at com.thoughtworks.xstream.core.TreeUnmarshaller.convertAnother(TreeUnmarshaller.java:52) ~[xstream-1.4.20.jar:1.4.20]
	at com.thoughtworks.xstream.core.TreeUnmarshaller.start(TreeUnmarshaller.java:136) ~[xstream-1.4.20.jar:1.4.20]
	at com.thoughtworks.xstream.core.AbstractTreeMarshallingStrategy.unmarshal(AbstractTreeMarshallingStrategy.java:32) ~[xstream-1.4.20.jar:1.4.20]
	at com.thoughtworks.xstream.XStream.unmarshal(XStream.java:1464) ~[xstream-1.4.20.jar:1.4.20]
	at com.thoughtworks.xstream.XStream.unmarshal(XStream.java:1441) ~[xstream-1.4.20.jar:1.4.20]
	at com.thoughtworks.xstream.XStream.fromXML(XStream.java:1321) ~[xstream-1.4.20.jar:1.4.20]
	at org.apache.jmeter.save.SaveService.readTree(SaveService.java:446) ~[ApacheJMeter_core.jar:5.6.2]
	... 20 more
Caused by: com.thoughtworks.xstream.converters.ConversionException: 
---- Debugging information ----
cause-exception     : com.thoughtworks.xstream.io.StreamException
cause-message       : 
class               : org.apache.jmeter.testelement.property.StringProperty
required-type       : org.apache.jmeter.testelement.property.StringProperty
converter-type      : org.apache.jmeter.save.converters.StringPropertyConverter
path                : /jmeterTestPlan/hashTree/hashTree/hashTree/hashTree/RegexExtractor/stringProp[2]
line number         : 51
class[1]            : org.apache.jmeter.extractor.RegexExtractor
required-type[1]    : org.apache.jmeter.extractor.RegexExtractor
converter-type[1]   : org.apache.jmeter.save.converters.TestElementConverter
class[2]            : org.apache.jorphan.collections.ListedHashTree
required-type[2]    : org.apache.jorphan.collections.ListedHashTree
converter-type[2]   : org.apache.jmeter.save.converters.HashTreeConverter
-------------------------------
	at com.thoughtworks.xstream.core.TreeUnmarshaller.convert(TreeUnmarshaller.java:81) ~[xstream-1.4.20.jar:1.4.20]
	at com.thoughtworks.xstream.core.AbstractReferenceUnmarshaller.convert(AbstractReferenceUnmarshaller.java:72) ~[xstream-1.4.20.jar:1.4.20]
	at com.thoughtworks.xstream.core.TreeUnmarshaller.convertAnother(TreeUnmarshaller.java:68) ~[xstream-1.4.20.jar:1.4.20]
	at com.thoughtworks.xstream.core.TreeUnmarshaller.convertAnother(TreeUnmarshaller.java:52) ~[xstream-1.4.20.jar:1.4.20]
	at com.thoughtworks.xstream.converters.collections.AbstractCollectionConverter.readBareItem(AbstractCollectionConverter.java:132) ~[xstream-1.4.20.jar:1.4.20]
	at org.apache.jmeter.save.converters.TestElementConverter.unmarshal(TestElementConverter.java:109) ~[ApacheJMeter_core.jar:5.6.2]
	at com.thoughtworks.xstream.core.TreeUnmarshaller.convert(TreeUnmarshaller.java:74) ~[xstream-1.4.20.jar:1.4.20]
	at com.thoughtworks.xstream.core.AbstractReferenceUnmarshaller.convert(AbstractReferenceUnmarshaller.java:72) ~[xstream-1.4.20.jar:1.4.20]
	at com.thoughtworks.xstream.core.TreeUnmarshaller.convertAnother(TreeUnmarshaller.java:68) ~[xstream-1.4.20.jar:1.4.20]
	at com.thoughtworks.xstream.core.TreeUnmarshaller.convertAnother(TreeUnmarshaller.java:52) ~[xstream-1.4.20.jar:1.4.20]
	at com.thoughtworks.xstream.converters.collections.AbstractCollectionConverter.readBareItem(AbstractCollectionConverter.java:132) ~[xstream-1.4.20.jar:1.4.20]
	at org.apache.jmeter.save.converters.HashTreeConverter.unmarshal(HashTreeConverter.java:66) ~[ApacheJMeter_core.jar:5.6.2]
	at com.thoughtworks.xstream.core.TreeUnmarshaller.convert(TreeUnmarshaller.java:74) ~[xstream-1.4.20.jar:1.4.20]
	at com.thoughtworks.xstream.core.AbstractReferenceUnmarshaller.convert(AbstractReferenceUnmarshaller.java:72) ~[xstream-1.4.20.jar:1.4.20]
	at com.thoughtworks.xstream.core.TreeUnmarshaller.convertAnother(TreeUnmarshaller.java:68) ~[xstream-1.4.20.jar:1.4.20]
	at com.thoughtworks.xstream.core.TreeUnmarshaller.convertAnother(TreeUnmarshaller.java:52) ~[xstream-1.4.20.jar:1.4.20]
	at com.thoughtworks.xstream.converters.collections.AbstractCollectionConverter.readBareItem(AbstractCollectionConverter.java:132) ~[xstream-1.4.20.jar:1.4.20]
	at org.apache.jmeter.save.converters.HashTreeConverter.unmarshal(HashTreeConverter.java:66) ~[ApacheJMeter_core.jar:5.6.2]
	at com.thoughtworks.xstream.core.TreeUnmarshaller.convert(TreeUnmarshaller.java:74) ~[xstream-1.4.20.jar:1.4.20]
	at com.thoughtworks.xstream.core.AbstractReferenceUnmarshaller.convert(AbstractReferenceUnmarshaller.java:72) ~[xstream-1.4.20.jar:1.4.20]
	at com.thoughtworks.xstream.core.TreeUnmarshaller.convertAnother(TreeUnmarshaller.java:68) ~[xstream-1.4.20.jar:1.4.20]
	at com.thoughtworks.xstream.core.TreeUnmarshaller.convertAnother(TreeUnmarshaller.java:52) ~[xstream-1.4.20.jar:1.4.20]
	at com.thoughtworks.xstream.converters.collections.AbstractCollectionConverter.readBareItem(AbstractCollectionConverter.java:132) ~[xstream-1.4.20.jar:1.4.20]
	at org.apache.jmeter.save.converters.HashTreeConverter.unmarshal(HashTreeConverter.java:66) ~[ApacheJMeter_core.jar:5.6.2]
	at com.thoughtworks.xstream.core.TreeUnmarshaller.convert(TreeUnmarshaller.java:74) ~[xstream-1.4.20.jar:1.4.20]
	at com.thoughtworks.xstream.core.AbstractReferenceUnmarshaller.convert(AbstractReferenceUnmarshaller.java:72) ~[xstream-1.4.20.jar:1.4.20]
	at com.thoughtworks.xstream.core.TreeUnmarshaller.convertAnother(TreeUnmarshaller.java:68) ~[xstream-1.4.20.jar:1.4.20]
	at com.thoughtworks.xstream.core.TreeUnmarshaller.convertAnother(TreeUnmarshaller.java:52) ~[xstream-1.4.20.jar:1.4.20]
	at com.thoughtworks.xstream.converters.collections.AbstractCollectionConverter.readBareItem(AbstractCollectionConverter.java:132) ~[xstream-1.4.20.jar:1.4.20]
	at org.apache.jmeter.save.converters.HashTreeConverter.unmarshal(HashTreeConverter.java:66) ~[ApacheJMeter_core.jar:5.6.2]
	at com.thoughtworks.xstream.core.TreeUnmarshaller.convert(TreeUnmarshaller.java:74) ~[xstream-1.4.20.jar:1.4.20]
	at com.thoughtworks.xstream.core.AbstractReferenceUnmarshaller.convert(AbstractReferenceUnmarshaller.java:72) ~[xstream-1.4.20.jar:1.4.20]
	at com.thoughtworks.xstream.core.TreeUnmarshaller.convertAnother(TreeUnmarshaller.java:68) ~[xstream-1.4.20.jar:1.4.20]
	at com.thoughtworks.xstream.core.TreeUnmarshaller.convertAnother(TreeUnmarshaller.java:52) ~[xstream-1.4.20.jar:1.4.20]
	at org.apache.jmeter.save.ScriptWrapperConverter.unmarshal(ScriptWrapperConverter.java:93) ~[ApacheJMeter_core.jar:5.6.2]
	at com.thoughtworks.xstream.core.TreeUnmarshaller.convert(TreeUnmarshaller.java:74) ~[xstream-1.4.20.jar:1.4.20]
	at com.thoughtworks.xstream.core.AbstractReferenceUnmarshaller.convert(AbstractReferenceUnmarshaller.java:72) ~[xstream-1.4.20.jar:1.4.20]
	at com.thoughtworks.xstream.core.TreeUnmarshaller.convertAnother(TreeUnmarshaller.java:68) ~[xstream-1.4.20.jar:1.4.20]
	at com.thoughtworks.xstream.core.TreeUnmarshaller.convertAnother(TreeUnmarshaller.java:52) ~[xstream-1.4.20.jar:1.4.20]
	at com.thoughtworks.xstream.core.TreeUnmarshaller.start(TreeUnmarshaller.java:136) ~[xstream-1.4.20.jar:1.4.20]
	at com.thoughtworks.xstream.core.AbstractTreeMarshallingStrategy.unmarshal(AbstractTreeMarshallingStrategy.java:32) ~[xstream-1.4.20.jar:1.4.20]
	at com.thoughtworks.xstream.XStream.unmarshal(XStream.java:1464) ~[xstream-1.4.20.jar:1.4.20]
	at com.thoughtworks.xstream.XStream.unmarshal(XStream.java:1441) ~[xstream-1.4.20.jar:1.4.20]
	at com.thoughtworks.xstream.XStream.fromXML(XStream.java:1321) ~[xstream-1.4.20.jar:1.4.20]
	at org.apache.jmeter.save.SaveService.readTree(SaveService.java:446) ~[ApacheJMeter_core.jar:5.6.2]
	... 20 more
Caused by: com.thoughtworks.xstream.io.StreamException: 
	at com.thoughtworks.xstream.io.xml.XppReader.pullNextEvent(XppReader.java:124) ~[xstream-1.4.20.jar:1.4.20]
	at com.thoughtworks.xstream.io.xml.AbstractPullReader.readRealEvent(AbstractPullReader.java:148) ~[xstream-1.4.20.jar:1.4.20]
	at com.thoughtworks.xstream.io.xml.AbstractPullReader.readEvent(AbstractPullReader.java:135) ~[xstream-1.4.20.jar:1.4.20]
	at com.thoughtworks.xstream.io.xml.AbstractPullReader.getValue(AbstractPullReader.java:180) ~[xstream-1.4.20.jar:1.4.20]
	at com.thoughtworks.xstream.io.ReaderWrapper.getValue(ReaderWrapper.java:48) ~[xstream-1.4.20.jar:1.4.20]
	at org.apache.jmeter.save.converters.ConversionHelp.getPropertyValue(ConversionHelp.java:237) ~[ApacheJMeter_core.jar:5.6.2]
	at org.apache.jmeter.save.converters.StringPropertyConverter.unmarshal(StringPropertyConverter.java:61) ~[ApacheJMeter_core.jar:5.6.2]
	at com.thoughtworks.xstream.core.TreeUnmarshaller.convert(TreeUnmarshaller.java:74) ~[xstream-1.4.20.jar:1.4.20]
	at com.thoughtworks.xstream.core.AbstractReferenceUnmarshaller.convert(AbstractReferenceUnmarshaller.java:72) ~[xstream-1.4.20.jar:1.4.20]
	at com.thoughtworks.xstream.core.TreeUnmarshaller.convertAnother(TreeUnmarshaller.java:68) ~[xstream-1.4.20.jar:1.4.20]
	at com.thoughtworks.xstream.core.TreeUnmarshaller.convertAnother(TreeUnmarshaller.java:52) ~[xstream-1.4.20.jar:1.4.20]
	at com.thoughtworks.xstream.converters.collections.AbstractCollectionConverter.readBareItem(AbstractCollectionConverter.java:132) ~[xstream-1.4.20.jar:1.4.20]
	at org.apache.jmeter.save.converters.TestElementConverter.unmarshal(TestElementConverter.java:109) ~[ApacheJMeter_core.jar:5.6.2]
	at com.thoughtworks.xstream.core.TreeUnmarshaller.convert(TreeUnmarshaller.java:74) ~[xstream-1.4.20.jar:1.4.20]
	at com.thoughtworks.xstream.core.AbstractReferenceUnmarshaller.convert(AbstractReferenceUnmarshaller.java:72) ~[xstream-1.4.20.jar:1.4.20]
	at com.thoughtworks.xstream.core.TreeUnmarshaller.convertAnother(TreeUnmarshaller.java:68) ~[xstream-1.4.20.jar:1.4.20]
	at com.thoughtworks.xstream.core.TreeUnmarshaller.convertAnother(TreeUnmarshaller.java:52) ~[xstream-1.4.20.jar:1.4.20]
	at com.thoughtworks.xstream.converters.collections.AbstractCollectionConverter.readBareItem(AbstractCollectionConverter.java:132) ~[xstream-1.4.20.jar:1.4.20]
	at org.apache.jmeter.save.converters.HashTreeConverter.unmarshal(HashTreeConverter.java:66) ~[ApacheJMeter_core.jar:5.6.2]
	at com.thoughtworks.xstream.core.TreeUnmarshaller.convert(TreeUnmarshaller.java:74) ~[xstream-1.4.20.jar:1.4.20]
	at com.thoughtworks.xstream.core.AbstractReferenceUnmarshaller.convert(AbstractReferenceUnmarshaller.java:72) ~[xstream-1.4.20.jar:1.4.20]
	at com.thoughtworks.xstream.core.TreeUnmarshaller.convertAnother(TreeUnmarshaller.java:68) ~[xstream-1.4.20.jar:1.4.20]
	at com.thoughtworks.xstream.core.TreeUnmarshaller.convertAnother(TreeUnmarshaller.java:52) ~[xstream-1.4.20.jar:1.4.20]
	at com.thoughtworks.xstream.converters.collections.AbstractCollectionConverter.readBareItem(AbstractCollectionConverter.java:132) ~[xstream-1.4.20.jar:1.4.20]
	at org.apache.jmeter.save.converters.HashTreeConverter.unmarshal(HashTreeConverter.java:66) ~[ApacheJMeter_core.jar:5.6.2]
	at com.thoughtworks.xstream.core.TreeUnmarshaller.convert(TreeUnmarshaller.java:74) ~[xstream-1.4.20.jar:1.4.20]
	at com.thoughtworks.xstream.core.AbstractReferenceUnmarshaller.convert(AbstractReferenceUnmarshaller.java:72) ~[xstream-1.4.20.jar:1.4.20]
	at com.thoughtworks.xstream.core.TreeUnmarshaller.convertAnother(TreeUnmarshaller.java:68) ~[xstream-1.4.20.jar:1.4.20]
	at com.thoughtworks.xstream.core.TreeUnmarshaller.convertAnother(TreeUnmarshaller.java:52) ~[xstream-1.4.20.jar:1.4.20]
	at com.thoughtworks.xstream.converters.collections.AbstractCollectionConverter.readBareItem(AbstractCollectionConverter.java:132) ~[xstream-1.4.20.jar:1.4.20]
	at org.apache.jmeter.save.converters.HashTreeConverter.unmarshal(HashTreeConverter.java:66) ~[ApacheJMeter_core.jar:5.6.2]
	at com.thoughtworks.xstream.core.TreeUnmarshaller.convert(TreeUnmarshaller.java:74) ~[xstream-1.4.20.jar:1.4.20]
	at com.thoughtworks.xstream.core.AbstractReferenceUnmarshaller.convert(AbstractReferenceUnmarshaller.java:72) ~[xstream-1.4.20.jar:1.4.20]
	at com.thoughtworks.xstream.core.TreeUnmarshaller.convertAnother(TreeUnmarshaller.java:68) ~[xstream-1.4.20.jar:1.4.20]
	at com.thoughtworks.xstream.core.TreeUnmarshaller.convertAnother(TreeUnmarshaller.java:52) ~[xstream-1.4.20.jar:1.4.20]
	at com.thoughtworks.xstream.converters.collections.AbstractCollectionConverter.readBareItem(AbstractCollectionConverter.java:132) ~[xstream-1.4.20.jar:1.4.20]
	at org.apache.jmeter.save.converters.HashTreeConverter.unmarshal(HashTreeConverter.java:66) ~[ApacheJMeter_core.jar:5.6.2]
	at com.thoughtworks.xstream.core.TreeUnmarshaller.convert(TreeUnmarshaller.java:74) ~[xstream-1.4.20.jar:1.4.20]
	at com.thoughtworks.xstream.core.AbstractReferenceUnmarshaller.convert(AbstractReferenceUnmarshaller.java:72) ~[xstream-1.4.20.jar:1.4.20]
	at com.thoughtworks.xstream.core.TreeUnmarshaller.convertAnother(TreeUnmarshaller.java:68) ~[xstream-1.4.20.jar:1.4.20]
	at com.thoughtworks.xstream.core.TreeUnmarshaller.convertAnother(TreeUnmarshaller.java:52) ~[xstream-1.4.20.jar:1.4.20]
	at org.apache.jmeter.save.ScriptWrapperConverter.unmarshal(ScriptWrapperConverter.java:93) ~[ApacheJMeter_core.jar:5.6.2]
	at com.thoughtworks.xstream.core.TreeUnmarshaller.convert(TreeUnmarshaller.java:74) ~[xstream-1.4.20.jar:1.4.20]
	at com.thoughtworks.xstream.core.AbstractReferenceUnmarshaller.convert(AbstractReferenceUnmarshaller.java:72) ~[xstream-1.4.20.jar:1.4.20]
	at com.thoughtworks.xstream.core.TreeUnmarshaller.convertAnother(TreeUnmarshaller.java:68) ~[xstream-1.4.20.jar:1.4.20]
	at com.thoughtworks.xstream.core.TreeUnmarshaller.convertAnother(TreeUnmarshaller.java:52) ~[xstream-1.4.20.jar:1.4.20]
	at com.thoughtworks.xstream.core.TreeUnmarshaller.start(TreeUnmarshaller.java:136) ~[xstream-1.4.20.jar:1.4.20]
	at com.thoughtworks.xstream.core.AbstractTreeMarshallingStrategy.unmarshal(AbstractTreeMarshallingStrategy.java:32) ~[xstream-1.4.20.jar:1.4.20]
	at com.thoughtworks.xstream.XStream.unmarshal(XStream.java:1464) ~[xstream-1.4.20.jar:1.4.20]
	at com.thoughtworks.xstream.XStream.unmarshal(XStream.java:1441) ~[xstream-1.4.20.jar:1.4.20]
	at com.thoughtworks.xstream.XStream.fromXML(XStream.java:1321) ~[xstream-1.4.20.jar:1.4.20]
	at org.apache.jmeter.save.SaveService.readTree(SaveService.java:446) ~[ApacheJMeter_core.jar:5.6.2]
	... 20 more
Caused by: org.xmlpull.v1.XmlPullParserException: start tag unexpected character ] (position: START_TAG seen ...<stringProp name="RegexExtractor.regex"><a href="([^"]... @51:55) 
	at io.github.xstream.mxparser.MXParser.parseStartTag(MXParser.java:1807) ~[mxparser-1.2.2.jar:1.2.2]
	at io.github.xstream.mxparser.MXParser.nextImpl(MXParser.java:1270) ~[mxparser-1.2.2.jar:1.2.2]
	at io.github.xstream.mxparser.MXParser.next(MXParser.java:1104) ~[mxparser-1.2.2.jar:1.2.2]
	at com.thoughtworks.xstream.io.xml.XppReader.pullNextEvent(XppReader.java:109) ~[xstream-1.4.20.jar:1.4.20]
	at com.thoughtworks.xstream.io.xml.AbstractPullReader.readRealEvent(AbstractPullReader.java:148) ~[xstream-1.4.20.jar:1.4.20]
	at com.thoughtworks.xstream.io.xml.AbstractPullReader.readEvent(AbstractPullReader.java:135) ~[xstream-1.4.20.jar:1.4.20]
	at com.thoughtworks.xstream.io.xml.AbstractPullReader.getValue(AbstractPullReader.java:180) ~[xstream-1.4.20.jar:1.4.20]
	at com.thoughtworks.xstream.io.ReaderWrapper.getValue(ReaderWrapper.java:48) ~[xstream-1.4.20.jar:1.4.20]
	at org.apache.jmeter.save.converters.ConversionHelp.getPropertyValue(ConversionHelp.java:237) ~[ApacheJMeter_core.jar:5.6.2]
	at org.apache.jmeter.save.converters.StringPropertyConverter.unmarshal(StringPropertyConverter.java:61) ~[ApacheJMeter_core.jar:5.6.2]
	at com.thoughtworks.xstream.core.TreeUnmarshaller.convert(TreeUnmarshaller.java:74) ~[xstream-1.4.20.jar:1.4.20]
	at com.thoughtworks.xstream.core.AbstractReferenceUnmarshaller.convert(AbstractReferenceUnmarshaller.java:72) ~[xstream-1.4.20.jar:1.4.20]
	at com.thoughtworks.xstream.core.TreeUnmarshaller.convertAnother(TreeUnmarshaller.java:68) ~[xstream-1.4.20.jar:1.4.20]
	at com.thoughtworks.xstream.core.TreeUnmarshaller.convertAnother(TreeUnmarshaller.java:52) ~[xstream-1.4.20.jar:1.4.20]
	at com.thoughtworks.xstream.converters.collections.AbstractCollectionConverter.readBareItem(AbstractCollectionConverter.java:132) ~[xstream-1.4.20.jar:1.4.20]
	at org.apache.jmeter.save.converters.TestElementConverter.unmarshal(TestElementConverter.java:109) ~[ApacheJMeter_core.jar:5.6.2]
	at com.thoughtworks.xstream.core.TreeUnmarshaller.convert(TreeUnmarshaller.java:74) ~[xstream-1.4.20.jar:1.4.20]
	at com.thoughtworks.xstream.core.AbstractReferenceUnmarshaller.convert(AbstractReferenceUnmarshaller.java:72) ~[xstream-1.4.20.jar:1.4.20]
	at com.thoughtworks.xstream.core.TreeUnmarshaller.convertAnother(TreeUnmarshaller.java:68) ~[xstream-1.4.20.jar:1.4.20]
	at com.thoughtworks.xstream.core.TreeUnmarshaller.convertAnother(TreeUnmarshaller.java:52) ~[xstream-1.4.20.jar:1.4.20]
	at com.thoughtworks.xstream.converters.collections.AbstractCollectionConverter.readBareItem(AbstractCollectionConverter.java:132) ~[xstream-1.4.20.jar:1.4.20]
	at org.apache.jmeter.save.converters.HashTreeConverter.unmarshal(HashTreeConverter.java:66) ~[ApacheJMeter_core.jar:5.6.2]
	at com.thoughtworks.xstream.core.TreeUnmarshaller.convert(TreeUnmarshaller.java:74) ~[xstream-1.4.20.jar:1.4.20]
	at com.thoughtworks.xstream.core.AbstractReferenceUnmarshaller.convert(AbstractReferenceUnmarshaller.java:72) ~[xstream-1.4.20.jar:1.4.20]
	at com.thoughtworks.xstream.core.TreeUnmarshaller.convertAnother(TreeUnmarshaller.java:68) ~[xstream-1.4.20.jar:1.4.20]
	at com.thoughtworks.xstream.core.TreeUnmarshaller.convertAnother(TreeUnmarshaller.java:52) ~[xstream-1.4.20.jar:1.4.20]
	at com.thoughtworks.xstream.converters.collections.AbstractCollectionConverter.readBareItem(AbstractCollectionConverter.java:132) ~[xstream-1.4.20.jar:1.4.20]
	at org.apache.jmeter.save.converters.HashTreeConverter.unmarshal(HashTreeConverter.java:66) ~[ApacheJMeter_core.jar:5.6.2]
	at com.thoughtworks.xstream.core.TreeUnmarshaller.convert(TreeUnmarshaller.java:74) ~[xstream-1.4.20.jar:1.4.20]
	at com.thoughtworks.xstream.core.AbstractReferenceUnmarshaller.convert(AbstractReferenceUnmarshaller.java:72) ~[xstream-1.4.20.jar:1.4.20]
	at com.thoughtworks.xstream.core.TreeUnmarshaller.convertAnother(TreeUnmarshaller.java:68) ~[xstream-1.4.20.jar:1.4.20]
	at com.thoughtworks.xstream.core.TreeUnmarshaller.convertAnother(TreeUnmarshaller.java:52) ~[xstream-1.4.20.jar:1.4.20]
	at com.thoughtworks.xstream.converters.collections.AbstractCollectionConverter.readBareItem(AbstractCollectionConverter.java:132) ~[xstream-1.4.20.jar:1.4.20]
	at org.apache.jmeter.save.converters.HashTreeConverter.unmarshal(HashTreeConverter.java:66) ~[ApacheJMeter_core.jar:5.6.2]
	at com.thoughtworks.xstream.core.TreeUnmarshaller.convert(TreeUnmarshaller.java:74) ~[xstream-1.4.20.jar:1.4.20]
	at com.thoughtworks.xstream.core.AbstractReferenceUnmarshaller.convert(AbstractReferenceUnmarshaller.java:72) ~[xstream-1.4.20.jar:1.4.20]
	at com.thoughtworks.xstream.core.TreeUnmarshaller.convertAnother(TreeUnmarshaller.java:68) ~[xstream-1.4.20.jar:1.4.20]
	at com.thoughtworks.xstream.core.TreeUnmarshaller.convertAnother(TreeUnmarshaller.java:52) ~[xstream-1.4.20.jar:1.4.20]
	at com.thoughtworks.xstream.converters.collections.AbstractCollectionConverter.readBareItem(AbstractCollectionConverter.java:132) ~[xstream-1.4.20.jar:1.4.20]
	at org.apache.jmeter.save.converters.HashTreeConverter.unmarshal(HashTreeConverter.java:66) ~[ApacheJMeter_core.jar:5.6.2]
	at com.thoughtworks.xstream.core.TreeUnmarshaller.convert(TreeUnmarshaller.java:74) ~[xstream-1.4.20.jar:1.4.20]
	at com.thoughtworks.xstream.core.AbstractReferenceUnmarshaller.convert(AbstractReferenceUnmarshaller.java:72) ~[xstream-1.4.20.jar:1.4.20]
	at com.thoughtworks.xstream.core.TreeUnmarshaller.convertAnother(TreeUnmarshaller.java:68) ~[xstream-1.4.20.jar:1.4.20]
	at com.thoughtworks.xstream.core.TreeUnmarshaller.convertAnother(TreeUnmarshaller.java:52) ~[xstream-1.4.20.jar:1.4.20]
	at org.apache.jmeter.save.ScriptWrapperConverter.unmarshal(ScriptWrapperConverter.java:93) ~[ApacheJMeter_core.jar:5.6.2]
	at com.thoughtworks.xstream.core.TreeUnmarshaller.convert(TreeUnmarshaller.java:74) ~[xstream-1.4.20.jar:1.4.20]
	at com.thoughtworks.xstream.core.AbstractReferenceUnmarshaller.convert(AbstractReferenceUnmarshaller.java:72) ~[xstream-1.4.20.jar:1.4.20]
	at com.thoughtworks.xstream.core.TreeUnmarshaller.convertAnother(TreeUnmarshaller.java:68) ~[xstream-1.4.20.jar:1.4.20]
	at com.thoughtworks.xstream.core.TreeUnmarshaller.convertAnother(TreeUnmarshaller.java:52) ~[xstream-1.4.20.jar:1.4.20]
	at com.thoughtworks.xstream.core.TreeUnmarshaller.start(TreeUnmarshaller.java:136) ~[xstream-1.4.20.jar:1.4.20]
	at com.thoughtworks.xstream.core.AbstractTreeMarshallingStrategy.unmarshal(AbstractTreeMarshallingStrategy.java:32) ~[xstream-1.4.20.jar:1.4.20]
	at com.thoughtworks.xstream.XStream.unmarshal(XStream.java:1464) ~[xstream-1.4.20.jar:1.4.20]
	at com.thoughtworks.xstream.XStream.unmarshal(XStream.java:1441) ~[xstream-1.4.20.jar:1.4.20]
	at com.thoughtworks.xstream.XStream.fromXML(XStream.java:1321) ~[xstream-1.4.20.jar:1.4.20]
	at org.apache.jmeter.save.SaveService.readTree(SaveService.java:446) ~[ApacheJMeter_core.jar:5.6.2]
	... 20 more
2023-09-12 21:45:57,140 ERROR o.a.j.u.JMeterUtils: Problem loading XML from:'/Users/heekyolee/Downloads/apache-jmeter-5.6.2/bin/sample2.jmx'. 
Cause:
XmlPullParserException: start tag unexpected character ] (position: START_TAG seen ...<stringProp name="RegexExtractor.regex"><a href="([^"]... @51:55) 

 Detail:com.thoughtworks.xstream.converters.ConversionException: 
---- Debugging information ----
cause-exception     : com.thoughtworks.xstream.converters.ConversionException
cause-message       : 
first-jmeter-class  : org.apache.jmeter.save.converters.TestElementConverter.unmarshal(TestElementConverter.java:109)
class               : org.apache.jmeter.save.ScriptWrapper
required-type       : org.apache.jmeter.save.ScriptWrapper
converter-type      : org.apache.jmeter.save.ScriptWrapperConverter
path                : /jmeterTestPlan/hashTree/hashTree/hashTree/hashTree/RegexExtractor/stringProp[2]
line number         : 51
version             : 5.6.2
-------------------------------
2023-09-12 21:46:27,636 INFO o.a.j.g.a.Load: Loading file: /Users/heekyolee/Downloads/apache-jmeter-5.6.2/bin/sample2.jmx
2023-09-12 21:46:27,637 INFO o.a.j.s.FileServer: Set new base='/Users/heekyolee/Downloads/apache-jmeter-5.6.2/bin'
2023-09-12 21:46:27,637 INFO o.a.j.s.SaveService: Loading file: /Users/heekyolee/Downloads/apache-jmeter-5.6.2/bin/sample2.jmx
2023-09-12 21:46:27,745 INFO o.a.j.s.FileServer: Set new base='/Users/heekyolee/Downloads/apache-jmeter-5.6.2/bin'
2023-09-12 21:50:59,092 INFO o.a.j.e.StandardJMeterEngine: Running the test!
2023-09-12 21:50:59,094 INFO o.a.j.s.SampleEvent: List of sample_variables: []
2023-09-12 21:50:59,094 INFO o.a.j.s.SampleEvent: List of sample_variables: []
2023-09-12 21:50:59,096 INFO o.a.j.e.u.CompoundVariable: Note: Function class names must contain the string: '.functions.'
2023-09-12 21:50:59,096 INFO o.a.j.e.u.CompoundVariable: Note: Function class names must not contain the string: '.gui.'
2023-09-12 21:50:59,158 INFO o.a.j.g.u.JMeterMenuBar: setRunning(true, *local*)
2023-09-12 21:50:59,200 INFO o.a.j.e.StandardJMeterEngine: Starting ThreadGroup: 1 : Thread Group
2023-09-12 21:50:59,201 INFO o.a.j.e.StandardJMeterEngine: Starting 1 threads for group Thread Group.
2023-09-12 21:50:59,201 INFO o.a.j.e.StandardJMeterEngine: Thread will continue on error
2023-09-12 21:50:59,201 INFO o.a.j.t.ThreadGroup: Starting thread group... number=1 threads=1 ramp-up=1 delayedStart=false
2023-09-12 21:50:59,208 INFO o.a.j.t.ThreadGroup: Started thread group number 1
2023-09-12 21:50:59,208 INFO o.a.j.e.StandardJMeterEngine: All thread groups have been started
2023-09-12 21:50:59,209 INFO o.a.j.t.JMeterThread: Thread started: Thread Group 1-1
2023-09-12 21:50:59,211 INFO o.a.j.t.JMeterThread: Thread is done: Thread Group 1-1
2023-09-12 21:50:59,211 INFO o.a.j.t.JMeterThread: Thread finished: Thread Group 1-1
2023-09-12 21:50:59,212 INFO o.a.j.e.StandardJMeterEngine: Notifying test listeners of end of test
2023-09-12 21:50:59,212 INFO o.a.j.g.u.JMeterMenuBar: setRunning(false, *local*)
2023-09-12 21:51:22,807 INFO o.a.j.e.StandardJMeterEngine: Running the test!
2023-09-12 21:51:22,808 INFO o.a.j.s.SampleEvent: List of sample_variables: []
2023-09-12 21:51:22,809 INFO o.a.j.g.u.JMeterMenuBar: setRunning(true, *local*)
2023-09-12 21:51:22,848 INFO o.a.j.e.StandardJMeterEngine: Starting ThreadGroup: 1 : Thread Group
2023-09-12 21:51:22,848 INFO o.a.j.e.StandardJMeterEngine: Starting 1 threads for group Thread Group.
2023-09-12 21:51:22,848 INFO o.a.j.e.StandardJMeterEngine: Thread will continue on error
2023-09-12 21:51:22,848 INFO o.a.j.t.ThreadGroup: Starting thread group... number=1 threads=1 ramp-up=1 delayedStart=false
2023-09-12 21:51:22,853 INFO o.a.j.t.ThreadGroup: Started thread group number 1
2023-09-12 21:51:22,853 INFO o.a.j.e.StandardJMeterEngine: All thread groups have been started
2023-09-12 21:51:22,853 INFO o.a.j.t.JMeterThread: Thread started: Thread Group 1-1
2023-09-12 21:51:22,854 INFO o.a.j.t.JMeterThread: Thread is done: Thread Group 1-1
2023-09-12 21:51:22,854 INFO o.a.j.t.JMeterThread: Thread finished: Thread Group 1-1
2023-09-12 21:51:22,854 INFO o.a.j.e.StandardJMeterEngine: Notifying test listeners of end of test
2023-09-12 21:51:22,854 INFO o.a.j.g.u.JMeterMenuBar: setRunning(false, *local*)
2023-09-12 21:51:29,965 INFO o.a.j.e.StandardJMeterEngine: Running the test!
2023-09-12 21:51:29,966 INFO o.a.j.s.SampleEvent: List of sample_variables: []
2023-09-12 21:51:29,966 INFO o.a.j.g.u.JMeterMenuBar: setRunning(true, *local*)
2023-09-12 21:51:30,020 INFO o.a.j.e.StandardJMeterEngine: Starting ThreadGroup: 1 : Thread Group
2023-09-12 21:51:30,021 INFO o.a.j.e.StandardJMeterEngine: Starting 1 threads for group Thread Group.
2023-09-12 21:51:30,021 INFO o.a.j.e.StandardJMeterEngine: Thread will continue on error
2023-09-12 21:51:30,021 INFO o.a.j.t.ThreadGroup: Starting thread group... number=1 threads=1 ramp-up=1 delayedStart=false
2023-09-12 21:51:30,025 INFO o.a.j.t.ThreadGroup: Started thread group number 1
2023-09-12 21:51:30,026 INFO o.a.j.e.StandardJMeterEngine: All thread groups have been started
2023-09-12 21:51:30,026 INFO o.a.j.t.JMeterThread: Thread started: Thread Group 1-1
2023-09-12 21:51:30,026 INFO o.a.j.t.JMeterThread: Thread is done: Thread Group 1-1
2023-09-12 21:51:30,027 INFO o.a.j.t.JMeterThread: Thread finished: Thread Group 1-1
2023-09-12 21:51:30,027 INFO o.a.j.e.StandardJMeterEngine: Notifying test listeners of end of test
2023-09-12 21:51:30,027 INFO o.a.j.g.u.JMeterMenuBar: setRunning(false, *local*)
2023-09-12 21:52:02,425 INFO o.a.j.e.StandardJMeterEngine: Running the test!
2023-09-12 21:52:02,426 INFO o.a.j.s.SampleEvent: List of sample_variables: []
2023-09-12 21:52:02,427 INFO o.a.j.g.u.JMeterMenuBar: setRunning(true, *local*)
2023-09-12 21:52:02,480 INFO o.a.j.e.StandardJMeterEngine: Starting ThreadGroup: 1 : Thread Group
2023-09-12 21:52:02,481 INFO o.a.j.e.StandardJMeterEngine: Starting 1 threads for group Thread Group.
2023-09-12 21:52:02,481 INFO o.a.j.e.StandardJMeterEngine: Thread will continue on error
2023-09-12 21:52:02,481 INFO o.a.j.t.ThreadGroup: Starting thread group... number=1 threads=1 ramp-up=1 delayedStart=false
2023-09-12 21:52:02,485 INFO o.a.j.t.ThreadGroup: Started thread group number 1
2023-09-12 21:52:02,485 INFO o.a.j.e.StandardJMeterEngine: All thread groups have been started
2023-09-12 21:52:02,485 INFO o.a.j.t.JMeterThread: Thread started: Thread Group 1-1
2023-09-12 21:52:02,486 INFO o.a.j.t.JMeterThread: Thread is done: Thread Group 1-1
2023-09-12 21:52:02,486 INFO o.a.j.t.JMeterThread: Thread finished: Thread Group 1-1
2023-09-12 21:52:02,486 INFO o.a.j.e.StandardJMeterEngine: Notifying test listeners of end of test
2023-09-12 21:52:02,487 INFO o.a.j.g.u.JMeterMenuBar: setRunning(false, *local*)
2023-09-12 21:53:22,886 INFO o.a.j.e.StandardJMeterEngine: Running the test!
2023-09-12 21:53:22,887 INFO o.a.j.s.SampleEvent: List of sample_variables: []
2023-09-12 21:53:22,888 INFO o.a.j.g.u.JMeterMenuBar: setRunning(true, *local*)
2023-09-12 21:53:22,922 INFO o.a.j.e.StandardJMeterEngine: Starting ThreadGroup: 1 : Thread Group
2023-09-12 21:53:22,922 INFO o.a.j.e.StandardJMeterEngine: Starting 1 threads for group Thread Group.
2023-09-12 21:53:22,922 INFO o.a.j.e.StandardJMeterEngine: Thread will continue on error
2023-09-12 21:53:22,922 INFO o.a.j.t.ThreadGroup: Starting thread group... number=1 threads=1 ramp-up=1 delayedStart=false
2023-09-12 21:53:22,926 INFO o.a.j.t.ThreadGroup: Started thread group number 1
2023-09-12 21:53:22,926 INFO o.a.j.e.StandardJMeterEngine: All thread groups have been started
2023-09-12 21:53:22,926 INFO o.a.j.t.JMeterThread: Thread started: Thread Group 1-1
2023-09-12 21:53:22,927 INFO o.a.j.t.JMeterThread: Thread is done: Thread Group 1-1
2023-09-12 21:53:22,927 INFO o.a.j.t.JMeterThread: Thread finished: Thread Group 1-1
2023-09-12 21:53:22,927 INFO o.a.j.e.StandardJMeterEngine: Notifying test listeners of end of test
2023-09-12 21:53:22,928 INFO o.a.j.g.u.JMeterMenuBar: setRunning(false, *local*)
2023-09-12 21:53:48,336 INFO o.a.j.e.StandardJMeterEngine: Running the test!
2023-09-12 21:53:48,336 INFO o.a.j.s.SampleEvent: List of sample_variables: []
2023-09-12 21:53:48,337 INFO o.a.j.g.u.JMeterMenuBar: setRunning(true, *local*)
2023-09-12 21:53:48,374 INFO o.a.j.e.StandardJMeterEngine: Starting ThreadGroup: 1 : Thread Group
2023-09-12 21:53:48,374 INFO o.a.j.e.StandardJMeterEngine: Starting 1 threads for group Thread Group.
2023-09-12 21:53:48,374 INFO o.a.j.e.StandardJMeterEngine: Thread will continue on error
2023-09-12 21:53:48,374 INFO o.a.j.t.ThreadGroup: Starting thread group... number=1 threads=1 ramp-up=1 delayedStart=false
2023-09-12 21:53:48,378 INFO o.a.j.t.ThreadGroup: Started thread group number 1
2023-09-12 21:53:48,378 INFO o.a.j.e.StandardJMeterEngine: All thread groups have been started
2023-09-12 21:53:48,378 INFO o.a.j.t.JMeterThread: Thread started: Thread Group 1-1
2023-09-12 21:53:48,395 INFO o.a.j.p.h.s.HTTPHCAbstractImpl: Local host = Heekyoui-MacBookPro.local
2023-09-12 21:53:48,409 INFO o.a.j.p.h.s.HTTPHC4Impl: HTTP request retry count = 0
2023-09-12 21:53:48,583 ERROR o.a.j.u.BeanShellInterpreter: Error invoking bsh method: eval	Sourced file: inline evaluation of: ``var item = "1,2";  var inputVar = item.split(",");  vars.put("intputVar", inputV . . . '' : Error in method invocation: Method put( java.lang.String, [Ljava.lang.String; ) not found in class'org.apache.jmeter.threads.JMeterVariables'
2023-09-12 21:53:48,584 WARN o.a.j.a.BeanShellAssertion: Error in BeanShellAssertion
org.apache.jorphan.util.JMeterException: Error invoking bsh method: eval	Sourced file: inline evaluation of: ``var item = "1,2";  var inputVar = item.split(",");  vars.put("intputVar", inputV . . . '' : Error in method invocation: Method put( java.lang.String, [Ljava.lang.String; ) not found in class'org.apache.jmeter.threads.JMeterVariables'
	at org.apache.jmeter.util.BeanShellInterpreter.bshInvoke(BeanShellInterpreter.java:179) ~[ApacheJMeter_core.jar:5.6.2]
	at org.apache.jmeter.util.BeanShellInterpreter.eval(BeanShellInterpreter.java:185) ~[ApacheJMeter_core.jar:5.6.2]
	at org.apache.jmeter.util.BeanShellTestElement.processFileOrScript(BeanShellTestElement.java:174) ~[ApacheJMeter_core.jar:5.6.2]
	at org.apache.jmeter.util.BeanShellTestElement.processFileOrScript(BeanShellTestElement.java:140) ~[ApacheJMeter_core.jar:5.6.2]
	at org.apache.jmeter.assertions.BeanShellAssertion.getResult(BeanShellAssertion.java:106) [ApacheJMeter_components.jar:5.6.2]
	at org.apache.jmeter.threads.JMeterThread.processAssertion(JMeterThread.java:949) [ApacheJMeter_core.jar:5.6.2]
	at org.apache.jmeter.threads.JMeterThread.checkAssertions(JMeterThread.java:918) [ApacheJMeter_core.jar:5.6.2]
	at org.apache.jmeter.threads.JMeterThread.executeSamplePackage(JMeterThread.java:586) [ApacheJMeter_core.jar:5.6.2]
	at org.apache.jmeter.threads.JMeterThread.processSampler(JMeterThread.java:501) [ApacheJMeter_core.jar:5.6.2]
	at org.apache.jmeter.threads.JMeterThread.run(JMeterThread.java:268) [ApacheJMeter_core.jar:5.6.2]
	at java.lang.Thread.run(Thread.java:1589) [?:?]
Caused by: java.lang.reflect.InvocationTargetException
	at jdk.internal.reflect.DirectMethodHandleAccessor.invoke(DirectMethodHandleAccessor.java:119) ~[?:?]
	at java.lang.reflect.Method.invoke(Method.java:578) ~[?:?]
	at org.apache.jmeter.util.BeanShellInterpreter.bshInvoke(BeanShellInterpreter.java:162) ~[ApacheJMeter_core.jar:5.6.2]
	... 10 more
Caused by: bsh.EvalError: Sourced file: inline evaluation of: ``var item = "1,2";  var inputVar = item.split(",");  vars.put("intputVar", inputV . . . '' : Error in method invocation: Method put( java.lang.String, [Ljava.lang.String; ) not found in class'org.apache.jmeter.threads.JMeterVariables'
	at bsh.BSHMethodInvocation.eval(BSHMethodInvocation.java:72) ~[bsh-2.0b6.jar:2.0b6 2016-02-05 05:16:19]
	at bsh.BSHPrimaryExpression.eval(BSHPrimaryExpression.java:96) ~[bsh-2.0b6.jar:2.0b6 2016-02-05 05:16:19]
	at bsh.BSHPrimaryExpression.eval(BSHPrimaryExpression.java:41) ~[bsh-2.0b6.jar:2.0b6 2016-02-05 05:16:19]
	at bsh.Interpreter.eval(Interpreter.java:659) ~[bsh-2.0b6.jar:2.0b6 2016-02-05 05:16:19]
	at bsh.Interpreter.eval(Interpreter.java:750) ~[bsh-2.0b6.jar:2.0b6 2016-02-05 05:16:19]
	at bsh.Interpreter.eval(Interpreter.java:739) ~[bsh-2.0b6.jar:2.0b6 2016-02-05 05:16:19]
	at jdk.internal.reflect.DirectMethodHandleAccessor.invoke(DirectMethodHandleAccessor.java:104) ~[?:?]
	at java.lang.reflect.Method.invoke(Method.java:578) ~[?:?]
	at org.apache.jmeter.util.BeanShellInterpreter.bshInvoke(BeanShellInterpreter.java:162) ~[ApacheJMeter_core.jar:5.6.2]
	... 10 more
2023-09-12 21:53:48,584 INFO o.a.j.t.JMeterThread: Thread is done: Thread Group 1-1
2023-09-12 21:53:48,585 INFO o.a.j.t.JMeterThread: Thread finished: Thread Group 1-1
2023-09-12 21:53:48,590 INFO o.a.j.e.StandardJMeterEngine: Notifying test listeners of end of test
2023-09-12 21:53:48,590 INFO o.a.j.g.u.JMeterMenuBar: setRunning(false, *local*)
2023-09-12 21:54:32,304 INFO o.a.j.e.StandardJMeterEngine: Running the test!
2023-09-12 21:54:32,305 INFO o.a.j.s.SampleEvent: List of sample_variables: []
2023-09-12 21:54:32,305 INFO o.a.j.g.u.JMeterMenuBar: setRunning(true, *local*)
2023-09-12 21:54:32,344 INFO o.a.j.e.StandardJMeterEngine: Starting ThreadGroup: 1 : Thread Group
2023-09-12 21:54:32,345 INFO o.a.j.e.StandardJMeterEngine: Starting 1 threads for group Thread Group.
2023-09-12 21:54:32,346 INFO o.a.j.e.StandardJMeterEngine: Thread will continue on error
2023-09-12 21:54:32,346 INFO o.a.j.t.ThreadGroup: Starting thread group... number=1 threads=1 ramp-up=1 delayedStart=false
2023-09-12 21:54:32,352 INFO o.a.j.t.ThreadGroup: Started thread group number 1
2023-09-12 21:54:32,352 INFO o.a.j.e.StandardJMeterEngine: All thread groups have been started
2023-09-12 21:54:32,352 INFO o.a.j.t.JMeterThread: Thread started: Thread Group 1-1
2023-09-12 21:54:32,364 ERROR o.a.j.u.BeanShellInterpreter: Error invoking bsh method: eval	Sourced file: inline evaluation of: ``var item = "1,2";  var inputVar = item.split(",");  vars.put("intputVar", inputV . . . '' : Error in method invocation: Method put( java.lang.String, [Ljava.lang.String; ) not found in class'org.apache.jmeter.threads.JMeterVariables'
2023-09-12 21:54:32,364 WARN o.a.j.a.BeanShellAssertion: Error in BeanShellAssertion
org.apache.jorphan.util.JMeterException: Error invoking bsh method: eval	Sourced file: inline evaluation of: ``var item = "1,2";  var inputVar = item.split(",");  vars.put("intputVar", inputV . . . '' : Error in method invocation: Method put( java.lang.String, [Ljava.lang.String; ) not found in class'org.apache.jmeter.threads.JMeterVariables'
	at org.apache.jmeter.util.BeanShellInterpreter.bshInvoke(BeanShellInterpreter.java:179) ~[ApacheJMeter_core.jar:5.6.2]
	at org.apache.jmeter.util.BeanShellInterpreter.eval(BeanShellInterpreter.java:185) ~[ApacheJMeter_core.jar:5.6.2]
	at org.apache.jmeter.util.BeanShellTestElement.processFileOrScript(BeanShellTestElement.java:174) ~[ApacheJMeter_core.jar:5.6.2]
	at org.apache.jmeter.util.BeanShellTestElement.processFileOrScript(BeanShellTestElement.java:140) ~[ApacheJMeter_core.jar:5.6.2]
	at org.apache.jmeter.assertions.BeanShellAssertion.getResult(BeanShellAssertion.java:106) [ApacheJMeter_components.jar:5.6.2]
	at org.apache.jmeter.threads.JMeterThread.processAssertion(JMeterThread.java:949) [ApacheJMeter_core.jar:5.6.2]
	at org.apache.jmeter.threads.JMeterThread.checkAssertions(JMeterThread.java:918) [ApacheJMeter_core.jar:5.6.2]
	at org.apache.jmeter.threads.JMeterThread.executeSamplePackage(JMeterThread.java:586) [ApacheJMeter_core.jar:5.6.2]
	at org.apache.jmeter.threads.JMeterThread.processSampler(JMeterThread.java:501) [ApacheJMeter_core.jar:5.6.2]
	at org.apache.jmeter.threads.JMeterThread.run(JMeterThread.java:268) [ApacheJMeter_core.jar:5.6.2]
	at java.lang.Thread.run(Thread.java:1589) [?:?]
Caused by: java.lang.reflect.InvocationTargetException
	at jdk.internal.reflect.DirectMethodHandleAccessor.invoke(DirectMethodHandleAccessor.java:119) ~[?:?]
	at java.lang.reflect.Method.invoke(Method.java:578) ~[?:?]
	at org.apache.jmeter.util.BeanShellInterpreter.bshInvoke(BeanShellInterpreter.java:162) ~[ApacheJMeter_core.jar:5.6.2]
	... 10 more
Caused by: bsh.EvalError: Sourced file: inline evaluation of: ``var item = "1,2";  var inputVar = item.split(",");  vars.put("intputVar", inputV . . . '' : Error in method invocation: Method put( java.lang.String, [Ljava.lang.String; ) not found in class'org.apache.jmeter.threads.JMeterVariables'
	at bsh.BSHMethodInvocation.eval(BSHMethodInvocation.java:72) ~[bsh-2.0b6.jar:2.0b6 2016-02-05 05:16:19]
	at bsh.BSHPrimaryExpression.eval(BSHPrimaryExpression.java:96) ~[bsh-2.0b6.jar:2.0b6 2016-02-05 05:16:19]
	at bsh.BSHPrimaryExpression.eval(BSHPrimaryExpression.java:41) ~[bsh-2.0b6.jar:2.0b6 2016-02-05 05:16:19]
	at bsh.Interpreter.eval(Interpreter.java:659) ~[bsh-2.0b6.jar:2.0b6 2016-02-05 05:16:19]
	at bsh.Interpreter.eval(Interpreter.java:750) ~[bsh-2.0b6.jar:2.0b6 2016-02-05 05:16:19]
	at bsh.Interpreter.eval(Interpreter.java:739) ~[bsh-2.0b6.jar:2.0b6 2016-02-05 05:16:19]
	at jdk.internal.reflect.DirectMethodHandleAccessor.invoke(DirectMethodHandleAccessor.java:104) ~[?:?]
	at java.lang.reflect.Method.invoke(Method.java:578) ~[?:?]
	at org.apache.jmeter.util.BeanShellInterpreter.bshInvoke(BeanShellInterpreter.java:162) ~[ApacheJMeter_core.jar:5.6.2]
	... 10 more
2023-09-12 21:54:32,365 INFO o.a.j.t.JMeterThread: Thread is done: Thread Group 1-1
2023-09-12 21:54:32,365 INFO o.a.j.t.JMeterThread: Thread finished: Thread Group 1-1
2023-09-12 21:54:32,366 INFO o.a.j.e.StandardJMeterEngine: Notifying test listeners of end of test
2023-09-12 21:54:32,366 INFO o.a.j.g.u.JMeterMenuBar: setRunning(false, *local*)
2023-09-12 21:56:27,655 INFO o.a.j.e.StandardJMeterEngine: Running the test!
2023-09-12 21:56:27,656 INFO o.a.j.s.SampleEvent: List of sample_variables: []
2023-09-12 21:56:27,657 INFO o.a.j.g.u.JMeterMenuBar: setRunning(true, *local*)
2023-09-12 21:56:27,699 INFO o.a.j.e.StandardJMeterEngine: Starting ThreadGroup: 1 : Thread Group
2023-09-12 21:56:27,699 INFO o.a.j.e.StandardJMeterEngine: Starting 1 threads for group Thread Group.
2023-09-12 21:56:27,699 INFO o.a.j.e.StandardJMeterEngine: Thread will continue on error
2023-09-12 21:56:27,699 INFO o.a.j.t.ThreadGroup: Starting thread group... number=1 threads=1 ramp-up=1 delayedStart=false
2023-09-12 21:56:27,704 INFO o.a.j.t.ThreadGroup: Started thread group number 1
2023-09-12 21:56:27,704 INFO o.a.j.e.StandardJMeterEngine: All thread groups have been started
2023-09-12 21:56:27,704 INFO o.a.j.t.JMeterThread: Thread started: Thread Group 1-1
2023-09-12 21:56:27,705 ERROR o.a.j.u.BeanShellInterpreter: Error invoking bsh method: eval	Sourced file: inline evaluation of: ``var item = "1,2";  var inputVar = item.split(",");  vars.put("intputVar", inputV . . . '' : Error in method invocation: Method put( java.lang.String, [Ljava.lang.String; ) not found in class'org.apache.jmeter.threads.JMeterVariables'
2023-09-12 21:56:27,706 WARN o.a.j.p.j.s.BeanShellSampler: Exception executing script. org.apache.jorphan.util.JMeterException: Error invoking bsh method: eval	Sourced file: inline evaluation of: ``var item = "1,2";  var inputVar = item.split(",");  vars.put("intputVar", inputV . . . '' : Error in method invocation: Method put( java.lang.String, [Ljava.lang.String; ) not found in class'org.apache.jmeter.threads.JMeterVariables'
2023-09-12 21:56:27,713 INFO o.a.j.t.JMeterThread: Thread is done: Thread Group 1-1
2023-09-12 21:56:27,713 INFO o.a.j.t.JMeterThread: Thread finished: Thread Group 1-1
2023-09-12 21:56:27,713 INFO o.a.j.e.StandardJMeterEngine: Notifying test listeners of end of test
2023-09-12 21:56:27,713 INFO o.a.j.g.u.JMeterMenuBar: setRunning(false, *local*)
2023-09-12 21:57:08,149 INFO o.a.j.e.StandardJMeterEngine: Running the test!
2023-09-12 21:57:08,150 INFO o.a.j.s.SampleEvent: List of sample_variables: []
2023-09-12 21:57:08,150 INFO o.a.j.g.u.JMeterMenuBar: setRunning(true, *local*)
2023-09-12 21:57:08,190 INFO o.a.j.e.StandardJMeterEngine: Starting ThreadGroup: 1 : Thread Group
2023-09-12 21:57:08,191 INFO o.a.j.e.StandardJMeterEngine: Starting 1 threads for group Thread Group.
2023-09-12 21:57:08,191 INFO o.a.j.e.StandardJMeterEngine: Thread will continue on error
2023-09-12 21:57:08,191 INFO o.a.j.t.ThreadGroup: Starting thread group... number=1 threads=1 ramp-up=1 delayedStart=false
2023-09-12 21:57:08,194 INFO o.a.j.t.ThreadGroup: Started thread group number 1
2023-09-12 21:57:08,195 INFO o.a.j.e.StandardJMeterEngine: All thread groups have been started
2023-09-12 21:57:08,195 INFO o.a.j.t.JMeterThread: Thread started: Thread Group 1-1
2023-09-12 21:57:08,197 ERROR o.a.j.u.BeanShellInterpreter: Error invoking bsh method: eval	Sourced file: inline evaluation of: ``var item = "1,2";  var inputVar = item.split(",");  vars.put("intputVar", inputV . . . '' : Error in method invocation: Method put( java.lang.String, [Ljava.lang.String; ) not found in class'org.apache.jmeter.threads.JMeterVariables'
2023-09-12 21:57:08,197 WARN o.a.j.p.j.s.BeanShellSampler: Exception executing script. org.apache.jorphan.util.JMeterException: Error invoking bsh method: eval	Sourced file: inline evaluation of: ``var item = "1,2";  var inputVar = item.split(",");  vars.put("intputVar", inputV . . . '' : Error in method invocation: Method put( java.lang.String, [Ljava.lang.String; ) not found in class'org.apache.jmeter.threads.JMeterVariables'
2023-09-12 21:57:08,204 INFO o.a.j.t.JMeterThread: Thread is done: Thread Group 1-1
2023-09-12 21:57:08,205 INFO o.a.j.t.JMeterThread: Thread finished: Thread Group 1-1
2023-09-12 21:57:08,205 INFO o.a.j.e.StandardJMeterEngine: Notifying test listeners of end of test
2023-09-12 21:57:08,205 INFO o.a.j.g.u.JMeterMenuBar: setRunning(false, *local*)
2023-09-12 21:58:28,652 INFO o.a.j.e.StandardJMeterEngine: Running the test!
2023-09-12 21:58:28,653 INFO o.a.j.s.SampleEvent: List of sample_variables: []
2023-09-12 21:58:28,654 INFO o.a.j.g.u.JMeterMenuBar: setRunning(true, *local*)
2023-09-12 21:58:28,694 INFO o.a.j.e.StandardJMeterEngine: Starting ThreadGroup: 1 : Thread Group
2023-09-12 21:58:28,694 INFO o.a.j.e.StandardJMeterEngine: Starting 1 threads for group Thread Group.
2023-09-12 21:58:28,694 INFO o.a.j.e.StandardJMeterEngine: Thread will continue on error
2023-09-12 21:58:28,694 INFO o.a.j.t.ThreadGroup: Starting thread group... number=1 threads=1 ramp-up=1 delayedStart=false
2023-09-12 21:58:28,698 INFO o.a.j.t.ThreadGroup: Started thread group number 1
2023-09-12 21:58:28,698 INFO o.a.j.e.StandardJMeterEngine: All thread groups have been started
2023-09-12 21:58:28,698 INFO o.a.j.t.JMeterThread: Thread started: Thread Group 1-1
2023-09-12 21:58:28,708 INFO o.a.j.u.BeanShellTestElement: 1
2023-09-12 21:58:28,709 INFO o.a.j.u.BeanShellTestElement: 2
2023-09-12 21:58:28,709 ERROR o.a.j.u.BeanShellInterpreter: Error invoking bsh method: eval	Sourced file: inline evaluation of: ``String line = "1,2"; String[] words = line.split(","); for (int i = 0; i < words . . . '' : Error in method invocation: Method put( java.lang.String, [Ljava.lang.String; ) not found in class'org.apache.jmeter.threads.JMeterVariables'
2023-09-12 21:58:28,709 WARN o.a.j.p.j.s.BeanShellSampler: Exception executing script. org.apache.jorphan.util.JMeterException: Error invoking bsh method: eval	Sourced file: inline evaluation of: ``String line = "1,2"; String[] words = line.split(","); for (int i = 0; i < words . . . '' : Error in method invocation: Method put( java.lang.String, [Ljava.lang.String; ) not found in class'org.apache.jmeter.threads.JMeterVariables'
2023-09-12 21:58:28,716 INFO o.a.j.t.JMeterThread: Thread is done: Thread Group 1-1
2023-09-12 21:58:28,717 INFO o.a.j.t.JMeterThread: Thread finished: Thread Group 1-1
2023-09-12 21:58:28,717 INFO o.a.j.e.StandardJMeterEngine: Notifying test listeners of end of test
2023-09-12 21:58:28,717 INFO o.a.j.g.u.JMeterMenuBar: setRunning(false, *local*)
2023-09-12 21:59:07,989 INFO o.a.j.e.StandardJMeterEngine: Running the test!
2023-09-12 21:59:07,990 INFO o.a.j.s.SampleEvent: List of sample_variables: []
2023-09-12 21:59:07,991 INFO o.a.j.g.u.JMeterMenuBar: setRunning(true, *local*)
2023-09-12 21:59:08,027 INFO o.a.j.e.StandardJMeterEngine: Starting ThreadGroup: 1 : Thread Group
2023-09-12 21:59:08,028 INFO o.a.j.e.StandardJMeterEngine: Starting 1 threads for group Thread Group.
2023-09-12 21:59:08,028 INFO o.a.j.e.StandardJMeterEngine: Thread will continue on error
2023-09-12 21:59:08,028 INFO o.a.j.t.ThreadGroup: Starting thread group... number=1 threads=1 ramp-up=1 delayedStart=false
2023-09-12 21:59:08,031 INFO o.a.j.t.ThreadGroup: Started thread group number 1
2023-09-12 21:59:08,031 INFO o.a.j.e.StandardJMeterEngine: All thread groups have been started
2023-09-12 21:59:08,031 INFO o.a.j.t.JMeterThread: Thread started: Thread Group 1-1
2023-09-12 21:59:08,032 ERROR o.a.j.u.BeanShellInterpreter: Error invoking bsh method: eval	Sourced file: inline evaluation of: ``String item = "1,2";  vars.put("intputVar", item.split(","));'' : Error in method invocation: Method put( java.lang.String, [Ljava.lang.String; ) not found in class'org.apache.jmeter.threads.JMeterVariables'
2023-09-12 21:59:08,032 WARN o.a.j.p.j.s.BeanShellSampler: Exception executing script. org.apache.jorphan.util.JMeterException: Error invoking bsh method: eval	Sourced file: inline evaluation of: ``String item = "1,2";  vars.put("intputVar", item.split(","));'' : Error in method invocation: Method put( java.lang.String, [Ljava.lang.String; ) not found in class'org.apache.jmeter.threads.JMeterVariables'
2023-09-12 21:59:08,038 INFO o.a.j.t.JMeterThread: Thread is done: Thread Group 1-1
2023-09-12 21:59:08,039 INFO o.a.j.t.JMeterThread: Thread finished: Thread Group 1-1
2023-09-12 21:59:08,039 INFO o.a.j.e.StandardJMeterEngine: Notifying test listeners of end of test
2023-09-12 21:59:08,039 INFO o.a.j.g.u.JMeterMenuBar: setRunning(false, *local*)
2023-09-12 22:02:31,277 INFO o.a.j.e.StandardJMeterEngine: Running the test!
2023-09-12 22:02:31,279 INFO o.a.j.s.SampleEvent: List of sample_variables: []
2023-09-12 22:02:31,280 INFO o.a.j.g.u.JMeterMenuBar: setRunning(true, *local*)
2023-09-12 22:02:31,320 INFO o.a.j.e.StandardJMeterEngine: Starting ThreadGroup: 1 : Thread Group
2023-09-12 22:02:31,320 INFO o.a.j.e.StandardJMeterEngine: Starting 1 threads for group Thread Group.
2023-09-12 22:02:31,320 INFO o.a.j.e.StandardJMeterEngine: Thread will continue on error
2023-09-12 22:02:31,320 INFO o.a.j.t.ThreadGroup: Starting thread group... number=1 threads=1 ramp-up=1 delayedStart=false
2023-09-12 22:02:31,324 INFO o.a.j.t.ThreadGroup: Started thread group number 1
2023-09-12 22:02:31,324 INFO o.a.j.e.StandardJMeterEngine: All thread groups have been started
2023-09-12 22:02:31,324 INFO o.a.j.t.JMeterThread: Thread started: Thread Group 1-1
2023-09-12 22:02:31,326 INFO o.a.j.u.BeanShellTestElement: quick
2023-09-12 22:02:31,327 INFO o.a.j.u.BeanShellTestElement:  brown
2023-09-12 22:02:31,327 INFO o.a.j.u.BeanShellTestElement:  fox
2023-09-12 22:02:31,327 INFO o.a.j.u.BeanShellTestElement: Third word is:  fox
2023-09-12 22:02:31,327 INFO o.a.j.u.BeanShellTestElement:  jumped
2023-09-12 22:02:31,327 INFO o.a.j.u.BeanShellTestElement:  over
2023-09-12 22:02:31,341 INFO o.a.j.t.JMeterThread: Thread is done: Thread Group 1-1
2023-09-12 22:02:31,341 INFO o.a.j.t.JMeterThread: Thread finished: Thread Group 1-1
2023-09-12 22:02:31,342 INFO o.a.j.e.StandardJMeterEngine: Notifying test listeners of end of test
2023-09-12 22:02:31,342 INFO o.a.j.g.u.JMeterMenuBar: setRunning(false, *local*)
2023-09-12 22:02:50,197 INFO o.a.j.e.StandardJMeterEngine: Running the test!
2023-09-12 22:02:50,197 INFO o.a.j.s.SampleEvent: List of sample_variables: []
2023-09-12 22:02:50,198 INFO o.a.j.g.u.JMeterMenuBar: setRunning(true, *local*)
2023-09-12 22:02:50,240 INFO o.a.j.e.StandardJMeterEngine: Starting ThreadGroup: 1 : Thread Group
2023-09-12 22:02:50,240 INFO o.a.j.e.StandardJMeterEngine: Starting 1 threads for group Thread Group.
2023-09-12 22:02:50,240 INFO o.a.j.e.StandardJMeterEngine: Thread will continue on error
2023-09-12 22:02:50,240 INFO o.a.j.t.ThreadGroup: Starting thread group... number=1 threads=1 ramp-up=1 delayedStart=false
2023-09-12 22:02:50,243 INFO o.a.j.t.ThreadGroup: Started thread group number 1
2023-09-12 22:02:50,243 INFO o.a.j.e.StandardJMeterEngine: All thread groups have been started
2023-09-12 22:02:50,243 INFO o.a.j.t.JMeterThread: Thread started: Thread Group 1-1
2023-09-12 22:02:50,244 INFO o.a.j.u.BeanShellTestElement: 1
2023-09-12 22:02:50,245 INFO o.a.j.u.BeanShellTestElement: 2
2023-09-12 22:02:50,252 INFO o.a.j.t.JMeterThread: Thread is done: Thread Group 1-1
2023-09-12 22:02:50,252 INFO o.a.j.t.JMeterThread: Thread finished: Thread Group 1-1
2023-09-12 22:02:50,252 INFO o.a.j.e.StandardJMeterEngine: Notifying test listeners of end of test
2023-09-12 22:02:50,252 INFO o.a.j.g.u.JMeterMenuBar: setRunning(false, *local*)
2023-09-12 22:03:49,502 INFO o.a.j.e.StandardJMeterEngine: Running the test!
2023-09-12 22:03:49,503 INFO o.a.j.s.SampleEvent: List of sample_variables: []
2023-09-12 22:03:49,504 INFO o.a.j.g.u.JMeterMenuBar: setRunning(true, *local*)
2023-09-12 22:03:49,545 INFO o.a.j.e.StandardJMeterEngine: Starting ThreadGroup: 1 : Thread Group
2023-09-12 22:03:49,545 INFO o.a.j.e.StandardJMeterEngine: Starting 1 threads for group Thread Group.
2023-09-12 22:03:49,545 INFO o.a.j.e.StandardJMeterEngine: Thread will continue on error
2023-09-12 22:03:49,545 INFO o.a.j.t.ThreadGroup: Starting thread group... number=1 threads=1 ramp-up=1 delayedStart=false
2023-09-12 22:03:49,549 INFO o.a.j.t.ThreadGroup: Started thread group number 1
2023-09-12 22:03:49,549 INFO o.a.j.e.StandardJMeterEngine: All thread groups have been started
2023-09-12 22:03:49,549 INFO o.a.j.t.JMeterThread: Thread started: Thread Group 1-1
2023-09-12 22:03:49,551 INFO o.a.j.u.BeanShellTestElement: 1
2023-09-12 22:03:49,553 INFO o.a.j.u.BeanShellTestElement: 2
2023-09-12 22:03:49,563 INFO o.a.j.t.JMeterThread: Thread is done: Thread Group 1-1
2023-09-12 22:03:49,563 INFO o.a.j.t.JMeterThread: Thread finished: Thread Group 1-1
2023-09-12 22:03:49,563 INFO o.a.j.e.StandardJMeterEngine: Notifying test listeners of end of test
2023-09-12 22:03:49,563 INFO o.a.j.g.u.JMeterMenuBar: setRunning(false, *local*)
2023-09-12 22:04:53,592 INFO o.a.j.e.StandardJMeterEngine: Running the test!
2023-09-12 22:04:53,592 INFO o.a.j.s.SampleEvent: List of sample_variables: []
2023-09-12 22:04:53,592 INFO o.a.j.g.u.JMeterMenuBar: setRunning(true, *local*)
2023-09-12 22:04:53,631 INFO o.a.j.e.StandardJMeterEngine: Starting ThreadGroup: 1 : Thread Group
2023-09-12 22:04:53,631 INFO o.a.j.e.StandardJMeterEngine: Starting 1 threads for group Thread Group.
2023-09-12 22:04:53,631 INFO o.a.j.e.StandardJMeterEngine: Thread will continue on error
2023-09-12 22:04:53,631 INFO o.a.j.t.ThreadGroup: Starting thread group... number=1 threads=1 ramp-up=1 delayedStart=false
2023-09-12 22:04:53,634 INFO o.a.j.t.ThreadGroup: Started thread group number 1
2023-09-12 22:04:53,635 INFO o.a.j.e.StandardJMeterEngine: All thread groups have been started
2023-09-12 22:04:53,635 INFO o.a.j.t.JMeterThread: Thread started: Thread Group 1-1
2023-09-12 22:04:53,639 ERROR o.a.j.u.BeanShellInterpreter: Error invoking bsh method: eval	Sourced file: inline evaluation of: ``String itemStr = "1,2"; String[] item = itemStr.split(","); for (int i = 0; i <  . . . '' : Not an array
2023-09-12 22:04:53,639 WARN o.a.j.p.j.s.BeanShellSampler: Exception executing script. org.apache.jorphan.util.JMeterException: Error invoking bsh method: eval	Sourced file: inline evaluation of: ``String itemStr = "1,2"; String[] item = itemStr.split(","); for (int i = 0; i <  . . . '' : Not an array
2023-09-12 22:04:53,648 INFO o.a.j.t.JMeterThread: Thread is done: Thread Group 1-1
2023-09-12 22:04:53,648 INFO o.a.j.t.JMeterThread: Thread finished: Thread Group 1-1
2023-09-12 22:04:53,648 INFO o.a.j.e.StandardJMeterEngine: Notifying test listeners of end of test
2023-09-12 22:04:53,649 INFO o.a.j.g.u.JMeterMenuBar: setRunning(false, *local*)
2023-09-12 22:05:24,520 INFO o.a.j.e.StandardJMeterEngine: Running the test!
2023-09-12 22:05:24,522 INFO o.a.j.s.SampleEvent: List of sample_variables: []
2023-09-12 22:05:24,522 INFO o.a.j.g.u.JMeterMenuBar: setRunning(true, *local*)
2023-09-12 22:05:24,560 INFO o.a.j.e.StandardJMeterEngine: Starting ThreadGroup: 1 : Thread Group
2023-09-12 22:05:24,560 INFO o.a.j.e.StandardJMeterEngine: Starting 1 threads for group Thread Group.
2023-09-12 22:05:24,560 INFO o.a.j.e.StandardJMeterEngine: Thread will continue on error
2023-09-12 22:05:24,560 INFO o.a.j.t.ThreadGroup: Starting thread group... number=1 threads=1 ramp-up=1 delayedStart=false
2023-09-12 22:05:24,564 INFO o.a.j.t.ThreadGroup: Started thread group number 1
2023-09-12 22:05:24,564 INFO o.a.j.e.StandardJMeterEngine: All thread groups have been started
2023-09-12 22:05:24,564 INFO o.a.j.t.JMeterThread: Thread started: Thread Group 1-1
2023-09-12 22:05:24,582 INFO o.a.j.t.JMeterThread: Thread is done: Thread Group 1-1
2023-09-12 22:05:24,582 INFO o.a.j.t.JMeterThread: Thread finished: Thread Group 1-1
2023-09-12 22:05:24,582 INFO o.a.j.e.StandardJMeterEngine: Notifying test listeners of end of test
2023-09-12 22:05:24,582 INFO o.a.j.g.u.JMeterMenuBar: setRunning(false, *local*)
